
ROM used:   231/4096 (6%)
            231/4096 (6%) including unused fragments

            0.3 Average locations per line
            25.7 Average locations per statement

RAM used:   7/254 (3%) at main() level
            19/254 (7%) worst case

Stack used: 2 worst case (2 in main + 0 for interrupts)
Stack size: 8

Lines Stmts  %   Files
----- ----- ---  -----
   26     9 100  main.c
    9     0   0  main.h
  708     0   0  ..\..\..\..\Program Files (x86)\PICC\Devices\16F690.h
----- -----
  743     9 Total

Page ROM  %  RAM   Vol Diff  Functions:
---- --- --- ---   --- ----  ----------
0     20   9    1             @delay_ms1
0     21   9    4             @SPI_XFER_1_16
0     56  24   10   226  4.0  SetFrqManual
0     32  14    6             @WRITEBITA
0     98  42    0   152  1.8  MAIN
 Inline         0             @cinit1

Program metrics:
    Functions               2
    Statements              9
    Comments                124
    Volume (V)              465
    Difficulty (D)          5.1
    Effort to implement (E) 2385
    Time to implement (T)   2 minutes
    Est Delivered Bugs (B)  0
    Cyclomatic Complexity   1
    Maintainability (MI)    100

 Segment     Used  Free
-----------  ----  ----
00000-00003     4  0  
00004-007FF   227  1817  
00800-00FFF     0  2048  



